<?xml version="1.0" encoding="UTF-8"?>
<!-- Generated by org.testng.reporters.JUnitReportReporter -->
<testsuite hostname="LAPTOP-TS6HCK7F" name="test_scripts.Open_Browser" tests="1" failures="0" timestamp="17 Sep 2022 18:21:58 GMT" time="0.016" errors="0">
  <testcase name="select" time="0.016" classname="test_scripts.Open_Browser"/>
</testsuite> <!-- test_scripts.Open_Browser -->
